<?xml version="1.0" encoding="UTF-8" standalone="no"?>
<!DOCTYPE log SYSTEM "logger.dtd">
<log>
<record>
  <date>2018-01-18T22:49:07</date>
  <millis>1516312147511</millis>
  <sequence>3</sequence>
  <logger>LoggingSample2</logger>
  <level>WARNING</level>
  <class>panels.Table</class>
  <method>read</method>
  <thread>38</thread>
  <message>Błąd połączenia z bazą danych</message>
  <exception>
    <message>com.microsoft.sqlserver.jdbc.SQLServerException: The TCP/IP connection to the host pz-mlynek.database.windows.net, port 1433 has failed. Error: "pz-mlynek.database.windows.net. Verify the connection properties. Make sure that an instance of SQL Server is running on the host and accepting TCP/IP connections at the port. Make sure that TCP connections to the port are not blocked by a firewall.".</message>
    <frame>
      <class>com.microsoft.sqlserver.jdbc.SQLServerException</class>
      <method>makeFromDriverError</method>
      <line>227</line>
    </frame>
    <frame>
      <class>com.microsoft.sqlserver.jdbc.SQLServerException</class>
      <method>ConvertConnectExceptionToSQLServerException</method>
      <line>284</line>
    </frame>
    <frame>
      <class>com.microsoft.sqlserver.jdbc.SocketFinder</class>
      <method>findSocket</method>
      <line>2435</line>
    </frame>
    <frame>
      <class>com.microsoft.sqlserver.jdbc.TDSChannel</class>
      <method>open</method>
      <line>635</line>
    </frame>
    <frame>
      <class>com.microsoft.sqlserver.jdbc.SQLServerConnection</class>
      <method>connectHelper</method>
      <line>2010</line>
    </frame>
    <frame>
      <class>com.microsoft.sqlserver.jdbc.SQLServerConnection</class>
      <method>login</method>
      <line>1687</line>
    </frame>
    <frame>
      <class>com.microsoft.sqlserver.jdbc.SQLServerConnection</class>
      <method>connectInternal</method>
      <line>1528</line>
    </frame>
    <frame>
      <class>com.microsoft.sqlserver.jdbc.SQLServerConnection</class>
      <method>connect</method>
      <line>866</line>
    </frame>
    <frame>
      <class>com.microsoft.sqlserver.jdbc.SQLServerDriver</class>
      <method>connect</method>
      <line>569</line>
    </frame>
    <frame>
      <class>java.sql.DriverManager</class>
      <method>getConnection</method>
      <line>664</line>
    </frame>
    <frame>
      <class>java.sql.DriverManager</class>
      <method>getConnection</method>
      <line>247</line>
    </frame>
    <frame>
      <class>configuration.Base</class>
      <method>polacz</method>
      <line>26</line>
    </frame>
    <frame>
      <class>panels.Table</class>
      <method>read</method>
      <line>25</line>
    </frame>
    <frame>
      <class>panels.PanelScore$1</class>
      <method>doInBackground</method>
      <line>34</line>
    </frame>
    <frame>
      <class>panels.PanelScore$1</class>
      <method>doInBackground</method>
      <line>31</line>
    </frame>
    <frame>
      <class>javax.swing.SwingWorker$1</class>
      <method>call</method>
      <line>295</line>
    </frame>
    <frame>
      <class>java.util.concurrent.FutureTask</class>
      <method>run</method>
      <line>266</line>
    </frame>
    <frame>
      <class>javax.swing.SwingWorker</class>
      <method>run</method>
      <line>334</line>
    </frame>
    <frame>
      <class>java.util.concurrent.ThreadPoolExecutor</class>
      <method>runWorker</method>
      <line>1149</line>
    </frame>
    <frame>
      <class>java.util.concurrent.ThreadPoolExecutor$Worker</class>
      <method>run</method>
      <line>624</line>
    </frame>
    <frame>
      <class>java.lang.Thread</class>
      <method>run</method>
      <line>748</line>
    </frame>
  </exception>
</record>
</log>
<?xml version="1.0" encoding="UTF-8" standalone="no"?>
<!DOCTYPE log SYSTEM "logger.dtd">
<log>
<record>
  <date>2018-04-07T17:53:54</date>
  <millis>1523116434311</millis>
  <sequence>0</sequence>
  <logger>LoggingSample2</logger>
  <level>WARNING</level>
  <class>panels.Table</class>
  <method>read</method>
  <thread>19</thread>
  <message>Błąd połączenia z bazą danych</message>
  <exception>
    <message>com.microsoft.sqlserver.jdbc.SQLServerException: Cannot open database "mlynek-bd" requested by the login. The login failed. ClientConnectionId:7d1f10b2-f48d-44c8-a1ab-05786ebc8f56</message>
    <frame>
      <class>com.microsoft.sqlserver.jdbc.SQLServerException</class>
      <method>makeFromDatabaseError</method>
      <line>258</line>
    </frame>
    <frame>
      <class>com.microsoft.sqlserver.jdbc.TDSTokenHandler</class>
      <method>onEOF</method>
      <line>256</line>
    </frame>
    <frame>
      <class>com.microsoft.sqlserver.jdbc.TDSParser</class>
      <method>parse</method>
      <line>108</line>
    </frame>
    <frame>
      <class>com.microsoft.sqlserver.jdbc.SQLServerConnection</class>
      <method>sendLogon</method>
      <line>4290</line>
    </frame>
    <frame>
      <class>com.microsoft.sqlserver.jdbc.SQLServerConnection</class>
      <method>logon</method>
      <line>3157</line>
    </frame>
    <frame>
      <class>com.microsoft.sqlserver.jdbc.SQLServerConnection</class>
      <method>access$100</method>
      <line>82</line>
    </frame>
    <frame>
      <class>com.microsoft.sqlserver.jdbc.SQLServerConnection$LogonCommand</class>
      <method>doExecute</method>
      <line>3121</line>
    </frame>
    <frame>
      <class>com.microsoft.sqlserver.jdbc.TDSCommand</class>
      <method>execute</method>
      <line>7151</line>
    </frame>
    <frame>
      <class>com.microsoft.sqlserver.jdbc.SQLServerConnection</class>
      <method>executeCommand</method>
      <line>2478</line>
    </frame>
    <frame>
      <class>com.microsoft.sqlserver.jdbc.SQLServerConnection</class>
      <method>connectHelper</method>
      <line>2026</line>
    </frame>
    <frame>
      <class>com.microsoft.sqlserver.jdbc.SQLServerConnection</class>
      <method>login</method>
      <line>1687</line>
    </frame>
    <frame>
      <class>com.microsoft.sqlserver.jdbc.SQLServerConnection</class>
      <method>connectInternal</method>
      <line>1528</line>
    </frame>
    <frame>
      <class>com.microsoft.sqlserver.jdbc.SQLServerConnection</class>
      <method>connect</method>
      <line>866</line>
    </frame>
    <frame>
      <class>com.microsoft.sqlserver.jdbc.SQLServerDriver</class>
      <method>connect</method>
      <line>569</line>
    </frame>
    <frame>
      <class>java.sql.DriverManager</class>
      <method>getConnection</method>
      <line>664</line>
    </frame>
    <frame>
      <class>java.sql.DriverManager</class>
      <method>getConnection</method>
      <line>247</line>
    </frame>
    <frame>
      <class>configuration.Base</class>
      <method>polacz</method>
      <line>26</line>
    </frame>
    <frame>
      <class>panels.Table</class>
      <method>read</method>
      <line>25</line>
    </frame>
    <frame>
      <class>panels.PanelScore$1</class>
      <method>doInBackground</method>
      <line>34</line>
    </frame>
    <frame>
      <class>panels.PanelScore$1</class>
      <method>doInBackground</method>
      <line>31</line>
    </frame>
    <frame>
      <class>javax.swing.SwingWorker$1</class>
      <method>call</method>
      <line>295</line>
    </frame>
    <frame>
      <class>java.util.concurrent.FutureTask</class>
      <method>run</method>
      <line>266</line>
    </frame>
    <frame>
      <class>javax.swing.SwingWorker</class>
      <method>run</method>
      <line>334</line>
    </frame>
    <frame>
      <class>java.util.concurrent.ThreadPoolExecutor</class>
      <method>runWorker</method>
      <line>1149</line>
    </frame>
    <frame>
      <class>java.util.concurrent.ThreadPoolExecutor$Worker</class>
      <method>run</method>
      <line>624</line>
    </frame>
    <frame>
      <class>java.lang.Thread</class>
      <method>run</method>
      <line>748</line>
    </frame>
  </exception>
</record>
</log>
